<?xml version="1.0" encoding="UTF-8"?>
<!-- Generated by org.testng.reporters.JUnitReportReporter -->
<testsuite hostname="Shiva" failures="0" tests="1" name="com.gms.testcases.LoginTest" time="25.376" errors="0" timestamp="2023-03-16T15:11:18 IST" skipped="0">
  <testcase classname="com.gms.testcases.LoginTest" name="loginTest" time="25.376"/>
  <system-out/>
</testsuite> <!-- com.gms.testcases.LoginTest -->
