<?xml version="1.0" encoding="UTF-8"?>
<!-- Generated by org.testng.reporters.JUnitReportReporter -->
<testsuite hostname="Shiva" failures="0" tests="1" name="com.gms.testcases.ManagePurchasesStdTest" time="80.839" errors="0" timestamp="2023-03-15T18:15:13 IST" skipped="0">
  <testcase classname="com.gms.testcases.ManagePurchasesStdTest" name="managePurchasesStdTest" time="80.839"/>
  <system-out/>
</testsuite> <!-- com.gms.testcases.ManagePurchasesStdTest -->
