<?xml version="1.0" encoding="UTF-8"?>
<!-- Generated by org.testng.reporters.JUnitReportReporter -->
<testsuite hostname="Shiva" failures="0" tests="1" name="com.gms.testcases.CustRegTest" time="14.878" errors="0" timestamp="2023-03-16T15:11:18 IST" skipped="0">
  <testcase classname="com.gms.testcases.CustRegTest" name="custRegTest" time="14.878"/>
  <system-out/>
</testsuite> <!-- com.gms.testcases.CustRegTest -->
