<?xml version="1.0" encoding="UTF-8"?>
<!-- Generated by org.testng.reporters.JUnitReportReporter -->
<testsuite hostname="Shiva" failures="0" tests="1" name="com.gms.testcases.PartsByVehTest" time="27.361" errors="0" timestamp="2023-03-15T18:40:26 IST" skipped="0">
  <testcase classname="com.gms.testcases.PartsByVehTest" name="partsEntry" time="27.361"/>
  <system-out/>
</testsuite> <!-- com.gms.testcases.PartsByVehTest -->
