<?xml version="1.0" encoding="UTF-8"?>
<!-- Generated by org.testng.reporters.JUnitReportReporter -->
<testsuite hostname="Shiva" failures="0" tests="1" name="com.gms.testcases.PartByVehTest" time="19.723" errors="0" timestamp="2023-03-13T15:10:14 IST" skipped="0">
  <testcase classname="com.gms.testcases.PartByVehTest" name="partsEntry" time="19.723"/>
  <system-out/>
</testsuite> <!-- com.gms.testcases.PartByVehTest -->
