<?xml version="1.0" encoding="UTF-8"?>
<!-- Generated by org.testng.reporters.JUnitReportReporter -->
<testsuite hostname="Shiva" failures="0" tests="1" name="com.gms.testcases.ManagePurchasesTest" time="90.453" errors="0" timestamp="2023-03-13T19:16:27 IST" skipped="0">
  <testcase classname="com.gms.testcases.ManagePurchasesTest" name="managePurchasesTest" time="90.453"/>
  <system-out/>
</testsuite> <!-- com.gms.testcases.ManagePurchasesTest -->
