<?xml version="1.0" encoding="UTF-8"?>
<!-- Generated by org.testng.reporters.JUnitReportReporter -->
<testsuite hostname="Shiva" failures="0" tests="1" name="com.gms.testcases.ManagePurchasesDetTest" time="82.500" errors="0" timestamp="2023-03-15T18:40:26 IST" skipped="0">
  <testcase classname="com.gms.testcases.ManagePurchasesDetTest" name="managePurchasesDetTest" time="82.500"/>
  <system-out/>
</testsuite> <!-- com.gms.testcases.ManagePurchasesDetTest -->
