<?xml version="1.0" encoding="UTF-8"?>
<!-- Generated by org.testng.reporters.JUnitReportReporter -->
<testsuite hostname="Shiva" failures="0" tests="2" name="com.gms.testcases.CustReg" time="8.040" errors="0" timestamp="2023-03-04T12:45:26 IST" skipped="0">
  <testcase classname="com.gms.testcases.CustReg" name="clickCustRegTab" time="0.259"/>
  <system-out/>
  <testcase classname="com.gms.testcases.CustReg" name="custRegTest" time="7.781"/>
  <system-out/>
</testsuite> <!-- com.gms.testcases.CustReg -->
